0 info it worked if it ends with ok
1 verbose cli [ '/usr/bin/nodejs',
1 verbose cli   '/usr/bin/npm',
1 verbose cli   'install',
1 verbose cli   'redis-fast-driver' ]
2 info using npm@3.9.5
3 info using node@v6.2.2
4 silly loadCurrentTree Starting
5 silly install loadCurrentTree
6 silly install readLocalPackageData
7 silly fetchPackageMetaData redis-fast-driver
8 silly fetchNamedPackageData redis-fast-driver
9 silly mapToRegistry name redis-fast-driver
10 silly mapToRegistry using default registry
11 silly mapToRegistry registry https://registry.npmjs.org/
12 silly mapToRegistry data Result {
12 silly mapToRegistry   raw: 'redis-fast-driver',
12 silly mapToRegistry   scope: null,
12 silly mapToRegistry   name: 'redis-fast-driver',
12 silly mapToRegistry   rawSpec: '',
12 silly mapToRegistry   spec: 'latest',
12 silly mapToRegistry   type: 'tag' }
13 silly mapToRegistry uri https://registry.npmjs.org/redis-fast-driver
14 verbose request uri https://registry.npmjs.org/redis-fast-driver
15 verbose request no auth needed
16 info attempt registry request try #1 at 8:28:45 AM
17 verbose request id 5ce76bde765c3596
18 verbose etag "5NA32X03BIH1T2SHSMSHAELSX"
19 http request GET https://registry.npmjs.org/redis-fast-driver
20 http 304 https://registry.npmjs.org/redis-fast-driver
21 verbose headers { date: 'Mon, 18 Jul 2016 16:27:30 GMT',
21 verbose headers   via: '1.1 varnish',
21 verbose headers   'cache-control': 'max-age=300',
21 verbose headers   etag: '"5NA32X03BIH1T2SHSMSHAELSX"',
21 verbose headers   age: '175',
21 verbose headers   connection: 'keep-alive',
21 verbose headers   'x-served-by': 'cache-jfk1021-JFK',
21 verbose headers   'x-cache': 'HIT',
21 verbose headers   'x-cache-hits': '1',
21 verbose headers   'x-timer': 'S1468859250.593466,VS0,VE0',
21 verbose headers   vary: 'Accept-Encoding' }
22 silly get cb [ 304,
22 silly get   { date: 'Mon, 18 Jul 2016 16:27:30 GMT',
22 silly get     via: '1.1 varnish',
22 silly get     'cache-control': 'max-age=300',
22 silly get     etag: '"5NA32X03BIH1T2SHSMSHAELSX"',
22 silly get     age: '175',
22 silly get     connection: 'keep-alive',
22 silly get     'x-served-by': 'cache-jfk1021-JFK',
22 silly get     'x-cache': 'HIT',
22 silly get     'x-cache-hits': '1',
22 silly get     'x-timer': 'S1468859250.593466,VS0,VE0',
22 silly get     vary: 'Accept-Encoding' } ]
23 verbose etag https://registry.npmjs.org/redis-fast-driver from cache
24 verbose get saving redis-fast-driver to /home/xiru/.npm/registry.npmjs.org/redis-fast-driver/.cache.json
25 verbose correctMkdir /home/xiru/.npm correctMkdir not in flight; initializing
26 silly install normalizeTree
27 silly loadCurrentTree Finishing
28 silly loadIdealTree Starting
29 silly install loadIdealTree
30 silly cloneCurrentTree Starting
31 silly install cloneCurrentTreeToIdealTree
32 silly cloneCurrentTree Finishing
33 silly loadShrinkwrap Starting
34 silly install loadShrinkwrap
35 silly loadShrinkwrap Finishing
36 silly loadAllDepsIntoIdealTree Starting
37 silly install loadAllDepsIntoIdealTree
38 silly resolveWithNewModule redis-fast-driver@1.0.4 checking installable status
39 silly cache add args [ 'redis-fast-driver', null ]
40 verbose cache add spec redis-fast-driver
41 silly cache add parsed spec Result {
41 silly cache add   raw: 'redis-fast-driver',
41 silly cache add   scope: null,
41 silly cache add   name: 'redis-fast-driver',
41 silly cache add   rawSpec: '',
41 silly cache add   spec: 'latest',
41 silly cache add   type: 'tag' }
42 silly addNamed redis-fast-driver@latest
43 verbose addNamed "latest" is being treated as a dist-tag for redis-fast-driver
44 info addNameTag [ 'redis-fast-driver', 'latest' ]
45 silly mapToRegistry name redis-fast-driver
46 silly mapToRegistry using default registry
47 silly mapToRegistry registry https://registry.npmjs.org/
48 silly mapToRegistry data Result {
48 silly mapToRegistry   raw: 'redis-fast-driver',
48 silly mapToRegistry   scope: null,
48 silly mapToRegistry   name: 'redis-fast-driver',
48 silly mapToRegistry   rawSpec: '',
48 silly mapToRegistry   spec: 'latest',
48 silly mapToRegistry   type: 'tag' }
49 silly mapToRegistry uri https://registry.npmjs.org/redis-fast-driver
50 verbose addNameTag registry:https://registry.npmjs.org/redis-fast-driver not in flight; fetching
51 verbose get https://registry.npmjs.org/redis-fast-driver not expired, no request
52 silly addNameTag next cb for redis-fast-driver with tag latest
53 silly addNamed redis-fast-driver@1.0.4
54 verbose addNamed "1.0.4" is a plain semver version for redis-fast-driver
55 silly cache afterAdd redis-fast-driver@1.0.4
56 verbose afterAdd /home/xiru/.npm/redis-fast-driver/1.0.4/package/package.json not in flight; writing
57 verbose correctMkdir /home/xiru/.npm correctMkdir not in flight; initializing
58 verbose afterAdd /home/xiru/.npm/redis-fast-driver/1.0.4/package/package.json written
59 silly fetchNamedPackageData nan
60 silly mapToRegistry name nan
61 silly mapToRegistry using default registry
62 silly mapToRegistry registry https://registry.npmjs.org/
63 silly mapToRegistry data Result {
63 silly mapToRegistry   raw: 'nan',
63 silly mapToRegistry   scope: null,
63 silly mapToRegistry   name: 'nan',
63 silly mapToRegistry   rawSpec: '',
63 silly mapToRegistry   spec: 'latest',
63 silly mapToRegistry   type: 'tag' }
64 silly mapToRegistry uri https://registry.npmjs.org/nan
65 verbose request uri https://registry.npmjs.org/nan
66 verbose request no auth needed
67 info attempt registry request try #1 at 8:28:46 AM
68 verbose etag "2POVJEDCD6LOO0Y53S1HJ4UMJ"
69 http request GET https://registry.npmjs.org/nan
70 http 304 https://registry.npmjs.org/nan
71 verbose headers { date: 'Mon, 18 Jul 2016 16:27:30 GMT',
71 verbose headers   via: '1.1 varnish',
71 verbose headers   'cache-control': 'max-age=300',
71 verbose headers   etag: '"2POVJEDCD6LOO0Y53S1HJ4UMJ"',
71 verbose headers   age: '126',
71 verbose headers   connection: 'keep-alive',
71 verbose headers   'x-served-by': 'cache-jfk1021-JFK',
71 verbose headers   'x-cache': 'HIT',
71 verbose headers   'x-cache-hits': '5',
71 verbose headers   'x-timer': 'S1468859250.672748,VS0,VE0',
71 verbose headers   vary: 'Accept-Encoding' }
72 silly get cb [ 304,
72 silly get   { date: 'Mon, 18 Jul 2016 16:27:30 GMT',
72 silly get     via: '1.1 varnish',
72 silly get     'cache-control': 'max-age=300',
72 silly get     etag: '"2POVJEDCD6LOO0Y53S1HJ4UMJ"',
72 silly get     age: '126',
72 silly get     connection: 'keep-alive',
72 silly get     'x-served-by': 'cache-jfk1021-JFK',
72 silly get     'x-cache': 'HIT',
72 silly get     'x-cache-hits': '5',
72 silly get     'x-timer': 'S1468859250.672748,VS0,VE0',
72 silly get     vary: 'Accept-Encoding' } ]
73 verbose etag https://registry.npmjs.org/nan from cache
74 verbose get saving nan to /home/xiru/.npm/registry.npmjs.org/nan/.cache.json
75 verbose correctMkdir /home/xiru/.npm correctMkdir not in flight; initializing
76 silly resolveWithNewModule nan@2.4.0 checking installable status
77 silly cache add args [ 'nan@latest', null ]
78 verbose cache add spec nan@latest
79 silly cache add parsed spec Result {
79 silly cache add   raw: 'nan@latest',
79 silly cache add   scope: null,
79 silly cache add   name: 'nan',
79 silly cache add   rawSpec: 'latest',
79 silly cache add   spec: 'latest',
79 silly cache add   type: 'tag' }
80 silly addNamed nan@latest
81 verbose addNamed "latest" is being treated as a dist-tag for nan
82 info addNameTag [ 'nan', 'latest' ]
83 silly mapToRegistry name nan
84 silly mapToRegistry using default registry
85 silly mapToRegistry registry https://registry.npmjs.org/
86 silly mapToRegistry data Result {
86 silly mapToRegistry   raw: 'nan',
86 silly mapToRegistry   scope: null,
86 silly mapToRegistry   name: 'nan',
86 silly mapToRegistry   rawSpec: '',
86 silly mapToRegistry   spec: 'latest',
86 silly mapToRegistry   type: 'tag' }
87 silly mapToRegistry uri https://registry.npmjs.org/nan
88 verbose addNameTag registry:https://registry.npmjs.org/nan not in flight; fetching
89 verbose get https://registry.npmjs.org/nan not expired, no request
90 silly addNameTag next cb for nan with tag latest
91 silly addNamed nan@2.4.0
92 verbose addNamed "2.4.0" is a plain semver version for nan
93 silly cache afterAdd nan@2.4.0
94 verbose afterAdd /home/xiru/.npm/nan/2.4.0/package/package.json not in flight; writing
95 verbose correctMkdir /home/xiru/.npm correctMkdir not in flight; initializing
96 verbose afterAdd /home/xiru/.npm/nan/2.4.0/package/package.json written
97 silly loadAllDepsIntoIdealTree Finishing
98 silly idealTree:prePrune jamc@0.0.1
98 silly idealTree:prePrune ├── acorn@1.2.2
98 silly idealTree:prePrune ├── amdefine@1.0.0
98 silly idealTree:prePrune ├── asap@2.0.4
98 silly idealTree:prePrune ├── ast-types@0.8.15
98 silly idealTree:prePrune ├── async@0.2.10
98 silly idealTree:prePrune ├── asyncawait@1.0.3
98 silly idealTree:prePrune ├── base62@0.1.1
98 silly idealTree:prePrune ├── bignumber.js@2.3.0
98 silly idealTree:prePrune ├── binary-search-tree@0.2.5
98 silly idealTree:prePrune ├── bindings@1.2.1
98 silly idealTree:prePrune ├── bluebird@3.4.1
98 silly idealTree:prePrune ├── cbor@1.0.4
98 silly idealTree:prePrune ├── commander@2.9.0
98 silly idealTree:prePrune ├── core-util-is@1.0.2
98 silly idealTree:prePrune ├── delimit-stream@0.1.0
98 silly idealTree:prePrune ├── es3ify@0.1.4
98 silly idealTree:prePrune ├── es6-promise@3.0.2
98 silly idealTree:prePrune ├── esmangle-evaluator@1.0.1
98 silly idealTree:prePrune ├── esprima-fb@3001.1.0-dev-harmony-fb
98 silly idealTree:prePrune ├─┬ falafel@1.2.0
98 silly idealTree:prePrune │ └── isarray@0.0.1
98 silly idealTree:prePrune ├── fibers@1.0.13
98 silly idealTree:prePrune ├── foreach@2.0.5
98 silly idealTree:prePrune ├── fs@0.0.2
98 silly idealTree:prePrune ├── graceful-readlink@1.0.1
98 silly idealTree:prePrune ├── immediate@3.0.5
98 silly idealTree:prePrune ├── inherits@2.0.1
98 silly idealTree:prePrune ├── inline-process-browser@1.0.0
98 silly idealTree:prePrune ├── isarray@1.0.0
98 silly idealTree:prePrune ├── json-text-sequence@0.1.1
98 silly idealTree:prePrune ├── jstransform@3.0.0
98 silly idealTree:prePrune ├── jszip@3.0.0
98 silly idealTree:prePrune ├── lie@3.0.2
98 silly idealTree:prePrune ├── localforage@1.4.2
98 silly idealTree:prePrune ├── lodash@3.10.1
98 silly idealTree:prePrune ├── mime@1.3.4
98 silly idealTree:prePrune ├── minimist@0.0.8
98 silly idealTree:prePrune ├── mkdirp@0.5.1
98 silly idealTree:prePrune ├── nan@2.3.3
98 silly idealTree:prePrune ├── nanomsg@3.2.0
98 silly idealTree:prePrune ├── nedb@1.8.0
98 silly idealTree:prePrune ├── nofilter@0.0.2
98 silly idealTree:prePrune ├── object-keys@1.0.11
98 silly idealTree:prePrune ├── pako@1.0.1
98 silly idealTree:prePrune ├── private@0.1.6
98 silly idealTree:prePrune ├── process-nextick-args@1.0.7
98 silly idealTree:prePrune ├── readable-stream@2.0.6
98 silly idealTree:prePrune ├─┬ recast@0.10.43
98 silly idealTree:prePrune │ ├── esprima-fb@15001.1001.0-dev-harmony-fb
98 silly idealTree:prePrune │ └── source-map@0.5.6
98 silly idealTree:prePrune ├─┬ redis-fast-driver@1.0.4
98 silly idealTree:prePrune │ └── nan@2.4.0
98 silly idealTree:prePrune ├── source-map@0.1.31
98 silly idealTree:prePrune ├── string_decoder@0.10.31
98 silly idealTree:prePrune ├── through@2.3.8
98 silly idealTree:prePrune ├─┬ through2@0.6.5
98 silly idealTree:prePrune │ ├── isarray@0.0.1
98 silly idealTree:prePrune │ └── readable-stream@1.0.34
98 silly idealTree:prePrune ├── underscore@1.4.4
98 silly idealTree:prePrune ├── unreachable-branch-transform@0.3.0
98 silly idealTree:prePrune ├── util-deprecate@1.0.2
98 silly idealTree:prePrune └── xtend@4.0.1
99 silly loadIdealTree Finishing
100 silly currentTree jamc@0.0.1
100 silly currentTree ├── acorn@1.2.2
100 silly currentTree ├── amdefine@1.0.0
100 silly currentTree ├── asap@2.0.4
100 silly currentTree ├── ast-types@0.8.15
100 silly currentTree ├── async@0.2.10
100 silly currentTree ├── asyncawait@1.0.3
100 silly currentTree ├── base62@0.1.1
100 silly currentTree ├── bignumber.js@2.3.0
100 silly currentTree ├── binary-search-tree@0.2.5
100 silly currentTree ├── bindings@1.2.1
100 silly currentTree ├── bluebird@3.4.1
100 silly currentTree ├── cbor@1.0.4
100 silly currentTree ├── commander@2.9.0
100 silly currentTree ├── core-util-is@1.0.2
100 silly currentTree ├── delimit-stream@0.1.0
100 silly currentTree ├── es3ify@0.1.4
100 silly currentTree ├── es6-promise@3.0.2
100 silly currentTree ├── esmangle-evaluator@1.0.1
100 silly currentTree ├── esprima-fb@3001.1.0-dev-harmony-fb
100 silly currentTree ├─┬ falafel@1.2.0
100 silly currentTree │ └── isarray@0.0.1
100 silly currentTree ├── fibers@1.0.13
100 silly currentTree ├── foreach@2.0.5
100 silly currentTree ├── fs@0.0.2
100 silly currentTree ├── graceful-readlink@1.0.1
100 silly currentTree ├── immediate@3.0.5
100 silly currentTree ├── inherits@2.0.1
100 silly currentTree ├── inline-process-browser@1.0.0
100 silly currentTree ├── isarray@1.0.0
100 silly currentTree ├── json-text-sequence@0.1.1
100 silly currentTree ├── jstransform@3.0.0
100 silly currentTree ├── jszip@3.0.0
100 silly currentTree ├── lie@3.0.2
100 silly currentTree ├── localforage@1.4.2
100 silly currentTree ├── lodash@3.10.1
100 silly currentTree ├── mime@1.3.4
100 silly currentTree ├── minimist@0.0.8
100 silly currentTree ├── mkdirp@0.5.1
100 silly currentTree ├── nan@2.3.3
100 silly currentTree ├── nanomsg@3.2.0
100 silly currentTree ├── nedb@1.8.0
100 silly currentTree ├── nofilter@0.0.2
100 silly currentTree ├── object-keys@1.0.11
100 silly currentTree ├── pako@1.0.1
100 silly currentTree ├── private@0.1.6
100 silly currentTree ├── process-nextick-args@1.0.7
100 silly currentTree ├── readable-stream@2.0.6
100 silly currentTree ├─┬ recast@0.10.43
100 silly currentTree │ ├── esprima-fb@15001.1001.0-dev-harmony-fb
100 silly currentTree │ └── source-map@0.5.6
100 silly currentTree ├── source-map@0.1.31
100 silly currentTree ├── string_decoder@0.10.31
100 silly currentTree ├── through@2.3.8
100 silly currentTree ├─┬ through2@0.6.5
100 silly currentTree │ ├── isarray@0.0.1
100 silly currentTree │ └── readable-stream@1.0.34
100 silly currentTree ├── underscore@1.4.4
100 silly currentTree ├── unreachable-branch-transform@0.3.0
100 silly currentTree ├── util-deprecate@1.0.2
100 silly currentTree └── xtend@4.0.1
101 silly idealTree jamc@0.0.1
101 silly idealTree ├── acorn@1.2.2
101 silly idealTree ├── amdefine@1.0.0
101 silly idealTree ├── asap@2.0.4
101 silly idealTree ├── ast-types@0.8.15
101 silly idealTree ├── async@0.2.10
101 silly idealTree ├── asyncawait@1.0.3
101 silly idealTree ├── base62@0.1.1
101 silly idealTree ├── bignumber.js@2.3.0
101 silly idealTree ├── binary-search-tree@0.2.5
101 silly idealTree ├── bindings@1.2.1
101 silly idealTree ├── bluebird@3.4.1
101 silly idealTree ├── cbor@1.0.4
101 silly idealTree ├── commander@2.9.0
101 silly idealTree ├── core-util-is@1.0.2
101 silly idealTree ├── delimit-stream@0.1.0
101 silly idealTree ├── es3ify@0.1.4
101 silly idealTree ├── es6-promise@3.0.2
101 silly idealTree ├── esmangle-evaluator@1.0.1
101 silly idealTree ├── esprima-fb@3001.1.0-dev-harmony-fb
101 silly idealTree ├─┬ falafel@1.2.0
101 silly idealTree │ └── isarray@0.0.1
101 silly idealTree ├── fibers@1.0.13
101 silly idealTree ├── foreach@2.0.5
101 silly idealTree ├── fs@0.0.2
101 silly idealTree ├── graceful-readlink@1.0.1
101 silly idealTree ├── immediate@3.0.5
101 silly idealTree ├── inherits@2.0.1
101 silly idealTree ├── inline-process-browser@1.0.0
101 silly idealTree ├── isarray@1.0.0
101 silly idealTree ├── json-text-sequence@0.1.1
101 silly idealTree ├── jstransform@3.0.0
101 silly idealTree ├── jszip@3.0.0
101 silly idealTree ├── lie@3.0.2
101 silly idealTree ├── localforage@1.4.2
101 silly idealTree ├── lodash@3.10.1
101 silly idealTree ├── mime@1.3.4
101 silly idealTree ├── minimist@0.0.8
101 silly idealTree ├── mkdirp@0.5.1
101 silly idealTree ├── nan@2.3.3
101 silly idealTree ├── nanomsg@3.2.0
101 silly idealTree ├── nedb@1.8.0
101 silly idealTree ├── nofilter@0.0.2
101 silly idealTree ├── object-keys@1.0.11
101 silly idealTree ├── pako@1.0.1
101 silly idealTree ├── private@0.1.6
101 silly idealTree ├── process-nextick-args@1.0.7
101 silly idealTree ├── readable-stream@2.0.6
101 silly idealTree ├─┬ recast@0.10.43
101 silly idealTree │ ├── esprima-fb@15001.1001.0-dev-harmony-fb
101 silly idealTree │ └── source-map@0.5.6
101 silly idealTree ├─┬ redis-fast-driver@1.0.4
101 silly idealTree │ └── nan@2.4.0
101 silly idealTree ├── source-map@0.1.31
101 silly idealTree ├── string_decoder@0.10.31
101 silly idealTree ├── through@2.3.8
101 silly idealTree ├─┬ through2@0.6.5
101 silly idealTree │ ├── isarray@0.0.1
101 silly idealTree │ └── readable-stream@1.0.34
101 silly idealTree ├── underscore@1.4.4
101 silly idealTree ├── unreachable-branch-transform@0.3.0
101 silly idealTree ├── util-deprecate@1.0.2
101 silly idealTree └── xtend@4.0.1
102 silly generateActionsToTake Starting
103 silly install generateActionsToTake
104 silly generateActionsToTake Finishing
105 silly diffTrees action count 5
106 silly diffTrees add nan@2.4.0
107 silly diffTrees update asyncawait@1.0.3
108 silly diffTrees update fs@0.0.2
109 silly diffTrees update mime@1.3.4
110 silly diffTrees add redis-fast-driver@1.0.4
111 silly decomposeActions action count 40
112 silly decomposeActions fetch nan@2.4.0
113 silly decomposeActions extract nan@2.4.0
114 silly decomposeActions test nan@2.4.0
115 silly decomposeActions preinstall nan@2.4.0
116 silly decomposeActions build nan@2.4.0
117 silly decomposeActions install nan@2.4.0
118 silly decomposeActions postinstall nan@2.4.0
119 silly decomposeActions finalize nan@2.4.0
120 silly decomposeActions fetch asyncawait@1.0.3
121 silly decomposeActions extract asyncawait@1.0.3
122 silly decomposeActions test asyncawait@1.0.3
123 silly decomposeActions preinstall asyncawait@1.0.3
124 silly decomposeActions build asyncawait@1.0.3
125 silly decomposeActions install asyncawait@1.0.3
126 silly decomposeActions postinstall asyncawait@1.0.3
127 silly decomposeActions finalize asyncawait@1.0.3
128 silly decomposeActions fetch fs@0.0.2
129 silly decomposeActions extract fs@0.0.2
130 silly decomposeActions test fs@0.0.2
131 silly decomposeActions preinstall fs@0.0.2
132 silly decomposeActions build fs@0.0.2
133 silly decomposeActions install fs@0.0.2
134 silly decomposeActions postinstall fs@0.0.2
135 silly decomposeActions finalize fs@0.0.2
136 silly decomposeActions fetch mime@1.3.4
137 silly decomposeActions extract mime@1.3.4
138 silly decomposeActions test mime@1.3.4
139 silly decomposeActions preinstall mime@1.3.4
140 silly decomposeActions build mime@1.3.4
141 silly decomposeActions install mime@1.3.4
142 silly decomposeActions postinstall mime@1.3.4
143 silly decomposeActions finalize mime@1.3.4
144 silly decomposeActions fetch redis-fast-driver@1.0.4
145 silly decomposeActions extract redis-fast-driver@1.0.4
146 silly decomposeActions test redis-fast-driver@1.0.4
147 silly decomposeActions preinstall redis-fast-driver@1.0.4
148 silly decomposeActions build redis-fast-driver@1.0.4
149 silly decomposeActions install redis-fast-driver@1.0.4
150 silly decomposeActions postinstall redis-fast-driver@1.0.4
151 silly decomposeActions finalize redis-fast-driver@1.0.4
152 silly executeActions Starting
153 silly install executeActions
154 silly doSerial global-install 0
155 silly doParallel fetch 5
156 verbose correctMkdir /home/xiru/.npm/_locks correctMkdir not in flight; initializing
157 verbose lock using /home/xiru/.npm/_locks/staging-824756f2f3757649.lock for /home/xiru/Documents/JAM/node_modules/.staging
158 silly doParallel extract 5
159 silly extract nan@2.4.0
160 silly extract asyncawait@1.0.3
161 silly extract fs@0.0.2
162 silly extract mime@1.3.4
163 silly extract redis-fast-driver@1.0.4
164 verbose unbuild node_modules/.staging/nan-b2d0367a
165 verbose unbuild node_modules/.staging/fs-e36c8459
166 verbose unbuild node_modules/.staging/asyncawait-eddc141f
167 verbose unbuild node_modules/.staging/redis-fast-driver-e8154df7
168 verbose unbuild node_modules/.staging/mime-b395b00f
169 silly gentlyRm /home/xiru/Documents/JAM/node_modules/.staging/nan-b2d0367a is being purged from base /home/xiru/Documents/JAM
170 verbose gentlyRm don't care about contents; nuking /home/xiru/Documents/JAM/node_modules/.staging/nan-b2d0367a
171 silly gentlyRm /home/xiru/Documents/JAM/node_modules/.staging/fs-e36c8459 is being purged from base /home/xiru/Documents/JAM
172 verbose gentlyRm don't care about contents; nuking /home/xiru/Documents/JAM/node_modules/.staging/fs-e36c8459
173 silly gentlyRm /home/xiru/Documents/JAM/node_modules/.staging/asyncawait-eddc141f is being purged from base /home/xiru/Documents/JAM
174 verbose gentlyRm don't care about contents; nuking /home/xiru/Documents/JAM/node_modules/.staging/asyncawait-eddc141f
175 silly gentlyRm /home/xiru/Documents/JAM/node_modules/.staging/redis-fast-driver-e8154df7 is being purged from base /home/xiru/Documents/JAM
176 verbose gentlyRm don't care about contents; nuking /home/xiru/Documents/JAM/node_modules/.staging/redis-fast-driver-e8154df7
177 verbose tar unpack /home/xiru/.npm/nan/2.4.0/package.tgz
178 verbose tar unpacking to /home/xiru/Documents/JAM/node_modules/.staging/nan-b2d0367a
179 silly gentlyRm /home/xiru/Documents/JAM/node_modules/.staging/nan-b2d0367a is being purged
180 verbose gentlyRm don't care about contents; nuking /home/xiru/Documents/JAM/node_modules/.staging/nan-b2d0367a
181 verbose tar unpack /home/xiru/.npm/fs/0.0.2/package.tgz
182 verbose tar unpacking to /home/xiru/Documents/JAM/node_modules/.staging/fs-e36c8459
183 silly gentlyRm /home/xiru/Documents/JAM/node_modules/.staging/fs-e36c8459 is being purged
184 verbose gentlyRm don't care about contents; nuking /home/xiru/Documents/JAM/node_modules/.staging/fs-e36c8459
185 verbose tar unpack /home/xiru/.npm/asyncawait/1.0.3/package.tgz
186 verbose tar unpacking to /home/xiru/Documents/JAM/node_modules/.staging/asyncawait-eddc141f
187 silly gentlyRm /home/xiru/Documents/JAM/node_modules/.staging/asyncawait-eddc141f is being purged
188 verbose gentlyRm don't care about contents; nuking /home/xiru/Documents/JAM/node_modules/.staging/asyncawait-eddc141f
189 silly gentlyRm /home/xiru/Documents/JAM/node_modules/.staging/mime-b395b00f is being purged from base /home/xiru/Documents/JAM
190 verbose gentlyRm don't care about contents; nuking /home/xiru/Documents/JAM/node_modules/.staging/mime-b395b00f
191 verbose tar unpack /home/xiru/.npm/redis-fast-driver/1.0.4/package.tgz
192 verbose tar unpacking to /home/xiru/Documents/JAM/node_modules/.staging/redis-fast-driver-e8154df7
193 silly gentlyRm /home/xiru/Documents/JAM/node_modules/.staging/redis-fast-driver-e8154df7 is being purged
194 verbose gentlyRm don't care about contents; nuking /home/xiru/Documents/JAM/node_modules/.staging/redis-fast-driver-e8154df7
195 silly gunzTarPerm modes [ '775', '664' ]
196 silly gunzTarPerm modes [ '775', '664' ]
197 silly gunzTarPerm modes [ '775', '664' ]
198 verbose tar unpack /home/xiru/.npm/mime/1.3.4/package.tgz
199 verbose tar unpacking to /home/xiru/Documents/JAM/node_modules/.staging/mime-b395b00f
200 silly gentlyRm /home/xiru/Documents/JAM/node_modules/.staging/mime-b395b00f is being purged
201 verbose gentlyRm don't care about contents; nuking /home/xiru/Documents/JAM/node_modules/.staging/mime-b395b00f
202 silly gunzTarPerm modes [ '775', '664' ]
203 silly gunzTarPerm modes [ '775', '664' ]
204 silly gunzTarPerm extractEntry package.json
205 silly gunzTarPerm extractEntry package.json
206 silly gunzTarPerm modified mode [ 'package.json', 420, 436 ]
207 silly gunzTarPerm extractEntry package.json
208 silly gunzTarPerm modified mode [ 'package.json', 438, 436 ]
209 silly gunzTarPerm extractEntry package.json
210 silly gunzTarPerm modified mode [ 'package.json', 420, 436 ]
211 silly gunzTarPerm extractEntry package.json
212 silly gunzTarPerm modified mode [ 'package.json', 420, 436 ]
213 silly gunzTarPerm extractEntry README.md
214 silly gunzTarPerm extractEntry include_dirs.js
215 silly gunzTarPerm extractEntry .npmignore
216 silly gunzTarPerm modified mode [ '.npmignore', 438, 436 ]
217 silly gunzTarPerm extractEntry README.md
218 silly gunzTarPerm modified mode [ 'README.md', 438, 436 ]
219 silly gunzTarPerm extractEntry index.js
220 silly gunzTarPerm modified mode [ 'index.js', 420, 436 ]
221 silly gunzTarPerm extractEntry .npmignore
222 silly gunzTarPerm modified mode [ '.npmignore', 420, 436 ]
223 silly gunzTarPerm extractEntry README.md
224 silly gunzTarPerm modified mode [ 'README.md', 420, 436 ]
225 silly gunzTarPerm extractEntry .npmignore
226 silly gunzTarPerm modified mode [ '.npmignore', 420, 436 ]
227 silly gunzTarPerm extractEntry README.md
228 silly gunzTarPerm modified mode [ 'README.md', 420, 436 ]
229 silly gunzTarPerm extractEntry nan_callbacks_pre_12_inl.h
230 silly gunzTarPerm extractEntry CHANGELOG.md
231 silly gunzTarPerm extractEntry LICENSE.md
232 silly gunzTarPerm extractEntry example-monitor.js
233 silly gunzTarPerm modified mode [ 'example-monitor.js', 420, 436 ]
234 silly gunzTarPerm extractEntry example-pubsub.js
235 silly gunzTarPerm modified mode [ 'example-pubsub.js', 420, 436 ]
236 silly gunzTarPerm extractEntry LICENSE
237 silly gunzTarPerm modified mode [ 'LICENSE', 420, 436 ]
238 silly gunzTarPerm extractEntry cli.js
239 silly gunzTarPerm modified mode [ 'cli.js', 420, 436 ]
240 silly gunzTarPerm extractEntry LICENSE
241 silly gunzTarPerm modified mode [ 'LICENSE', 438, 436 ]
242 silly gunzTarPerm extractEntry mime.js
243 silly gunzTarPerm modified mode [ 'mime.js', 420, 436 ]
244 silly gunzTarPerm extractEntry build/build.js
245 silly gunzTarPerm modified mode [ 'build/build.js', 420, 436 ]
246 silly gunzTarPerm extractEntry example-simple.js
247 silly gunzTarPerm modified mode [ 'example-simple.js', 420, 436 ]
248 silly gunzTarPerm extractEntry async.js
249 silly gunzTarPerm modified mode [ 'async.js', 438, 436 ]
250 silly gunzTarPerm extractEntry await.js
251 silly gunzTarPerm modified mode [ 'await.js', 438, 436 ]
252 silly gunzTarPerm extractEntry index.js
253 silly gunzTarPerm modified mode [ 'index.js', 438, 436 ]
254 silly gunzTarPerm extractEntry doc/node_misc.md
255 silly gentlyRm /home/xiru/Documents/JAM/node_modules/.staging/fs-e36c8459/node_modules is being purged
256 verbose gentlyRm don't care about contents; nuking /home/xiru/Documents/JAM/node_modules/.staging/fs-e36c8459/node_modules
257 silly gunzTarPerm extractEntry doc/asyncworker.md
258 silly gunzTarPerm extractEntry doc/callback.md
259 silly gunzTarPerm extractEntry build/test.js
260 silly gunzTarPerm modified mode [ 'build/test.js', 420, 436 ]
261 silly gunzTarPerm extractEntry types.json
262 silly gunzTarPerm modified mode [ 'types.json', 420, 436 ]
263 silly gunzTarPerm extractEntry doc/converters.md
264 silly gunzTarPerm extractEntry doc/errors.md
265 silly gunzTarPerm extractEntry example.js
266 silly gunzTarPerm modified mode [ 'example.js', 420, 436 ]
267 silly gunzTarPerm extractEntry index.js
268 silly gunzTarPerm modified mode [ 'index.js', 420, 436 ]
269 silly gunzTarPerm extractEntry benchmarks/bench.js
270 silly gunzTarPerm modified mode [ 'benchmarks/bench.js', 420, 436 ]
271 silly gunzTarPerm extractEntry binding.gyp
272 silly gunzTarPerm modified mode [ 'binding.gyp', 420, 436 ]
273 silly gunzTarPerm extractEntry changelog.md
274 silly gunzTarPerm modified mode [ 'changelog.md', 438, 436 ]
275 silly gunzTarPerm extractEntry deps/hiredis/.npmignore
276 silly gunzTarPerm modified mode [ 'deps/hiredis/.npmignore', 493, 509 ]
277 silly gunzTarPerm extractEntry deps/hiredis/README.md
278 silly gunzTarPerm modified mode [ 'deps/hiredis/README.md', 493, 509 ]
279 silly gunzTarPerm extractEntry deps/hiredis/CHANGELOG.md
280 silly gunzTarPerm modified mode [ 'deps/hiredis/CHANGELOG.md', 493, 509 ]
281 silly gunzTarPerm extractEntry deps/hiredis/COPYING
282 silly gunzTarPerm modified mode [ 'deps/hiredis/COPYING', 493, 509 ]
283 silly gunzTarPerm extractEntry doc/maybe_types.md
284 silly gunzTarPerm extractEntry doc/methods.md
285 silly gunzTarPerm extractEntry deps/hiredis/Makefile
286 silly gunzTarPerm modified mode [ 'deps/hiredis/Makefile', 493, 509 ]
287 silly gunzTarPerm extractEntry deps/hiredis/test.c
288 silly gunzTarPerm modified mode [ 'deps/hiredis/test.c', 493, 509 ]
289 silly gunzTarPerm extractEntry .vscode/launch.json
290 silly gunzTarPerm modified mode [ '.vscode/launch.json', 438, 436 ]
291 silly gunzTarPerm extractEntry .vscode/settings.json
292 silly gunzTarPerm modified mode [ '.vscode/settings.json', 438, 436 ]
293 silly gunzTarPerm extractEntry .vscode/tasks.json
294 silly gunzTarPerm modified mode [ '.vscode/tasks.json', 438, 436 ]
295 silly gunzTarPerm extractEntry async.d.ts
296 silly gunzTarPerm modified mode [ 'async.d.ts', 438, 436 ]
297 silly gunzTarPerm extractEntry deps/hiredis/adapters/ae.h
298 silly gunzTarPerm modified mode [ 'deps/hiredis/adapters/ae.h', 493, 509 ]
299 silly gunzTarPerm extractEntry deps/hiredis/adapters/libev.h
300 silly gunzTarPerm modified mode [ 'deps/hiredis/adapters/libev.h', 493, 509 ]
301 silly gunzTarPerm extractEntry comparison/README.md
302 silly gunzTarPerm modified mode [ 'comparison/README.md', 438, 436 ]
303 silly gunzTarPerm extractEntry comparison/benchmark.js
304 silly gunzTarPerm modified mode [ 'comparison/benchmark.js', 438, 436 ]
305 silly gunzTarPerm extractEntry comparison/mockfs.js
306 silly gunzTarPerm modified mode [ 'comparison/mockfs.js', 438, 436 ]
307 silly gunzTarPerm extractEntry comparison/countFiles/countFiles-async.js
308 silly gunzTarPerm modified mode [ 'comparison/countFiles/countFiles-async.js', 438, 436 ]
309 silly gunzTarPerm extractEntry comparison/countFiles/countFiles-asyncawait.js
310 silly gunzTarPerm modified mode [ 'comparison/countFiles/countFiles-asyncawait.js', 438, 436 ]
311 silly gunzTarPerm extractEntry comparison/countFiles/countFiles-bluebird.js
312 silly gunzTarPerm modified mode [ 'comparison/countFiles/countFiles-bluebird.js', 438, 436 ]
313 silly gunzTarPerm extractEntry doc/new.md
314 silly gunzTarPerm extractEntry deps/hiredis/adapters/libevent.h
315 silly gunzTarPerm modified mode [ 'deps/hiredis/adapters/libevent.h', 493, 509 ]
316 silly gunzTarPerm extractEntry deps/hiredis/adapters/libuv.h
317 silly gunzTarPerm modified mode [ 'deps/hiredis/adapters/libuv.h', 493, 509 ]
318 silly gunzTarPerm extractEntry doc/buffers.md
319 silly gunzTarPerm extractEntry doc/object_wrappers.md
320 silly gunzTarPerm extractEntry deps/hiredis/async.c
321 silly gunzTarPerm modified mode [ 'deps/hiredis/async.c', 493, 509 ]
322 silly gunzTarPerm extractEntry deps/hiredis/async.h
323 silly gunzTarPerm modified mode [ 'deps/hiredis/async.h', 493, 509 ]
324 silly gunzTarPerm extractEntry deps/hiredis/dict.c
325 silly gunzTarPerm modified mode [ 'deps/hiredis/dict.c', 493, 509 ]
326 silly gunzTarPerm extractEntry deps/hiredis/.travis.yml
327 silly gunzTarPerm modified mode [ 'deps/hiredis/.travis.yml', 493, 509 ]
328 silly gunzTarPerm extractEntry deps/hiredis/examples/example-ae.c
329 silly gunzTarPerm modified mode [ 'deps/hiredis/examples/example-ae.c', 493, 509 ]
330 silly gunzTarPerm extractEntry comparison/countFiles/countFiles-callbacks.js
331 silly gunzTarPerm modified mode [ 'comparison/countFiles/countFiles-callbacks.js', 438, 436 ]
332 silly gunzTarPerm extractEntry comparison/countFiles/countFiles-co.js
333 silly gunzTarPerm modified mode [ 'comparison/countFiles/countFiles-co.js', 438, 436 ]
334 silly gunzTarPerm extractEntry doc/persistent.md
335 silly gunzTarPerm extractEntry doc/scopes.md
336 silly gunzTarPerm extractEntry comparison/countFiles/countFiles-synchronous.js
337 silly gunzTarPerm modified mode [ 'comparison/countFiles/countFiles-synchronous.js', 438, 436 ]
338 silly gunzTarPerm extractEntry comparison/fibonacci/fibonacci-async.js
339 silly gunzTarPerm modified mode [ 'comparison/fibonacci/fibonacci-async.js', 438, 436 ]
340 silly gunzTarPerm extractEntry comparison/fibonacci/fibonacci-asyncawait.js
341 silly gunzTarPerm modified mode [ 'comparison/fibonacci/fibonacci-asyncawait.js', 438, 436 ]
342 silly gunzTarPerm extractEntry comparison/fibonacci/fibonacci-bluebird.js
343 silly gunzTarPerm modified mode [ 'comparison/fibonacci/fibonacci-bluebird.js', 438, 436 ]
344 silly gunzTarPerm extractEntry doc/script.md
345 silly gunzTarPerm extractEntry doc/string_bytes.md
346 silly gentlyRm /home/xiru/Documents/JAM/node_modules/.staging/mime-b395b00f/node_modules is being purged
347 verbose gentlyRm don't care about contents; nuking /home/xiru/Documents/JAM/node_modules/.staging/mime-b395b00f/node_modules
348 silly gunzTarPerm extractEntry doc/v8_internals.md
349 silly gunzTarPerm extractEntry doc/v8_misc.md
350 silly gunzTarPerm extractEntry deps/hiredis/examples/example-libev.c
351 silly gunzTarPerm modified mode [ 'deps/hiredis/examples/example-libev.c', 493, 509 ]
352 silly gunzTarPerm extractEntry comparison/fibonacci/fibonacci-callbacks.js
353 silly gunzTarPerm modified mode [ 'comparison/fibonacci/fibonacci-callbacks.js', 438, 436 ]
354 silly gunzTarPerm extractEntry comparison/fibonacci/fibonacci-co.js
355 silly gunzTarPerm modified mode [ 'comparison/fibonacci/fibonacci-co.js', 438, 436 ]
356 silly gunzTarPerm extractEntry deps/hiredis/examples/example-libevent.c
357 silly gunzTarPerm modified mode [ 'deps/hiredis/examples/example-libevent.c', 493, 509 ]
358 silly gunzTarPerm extractEntry deps/hiredis/examples/example-libuv.c
359 silly gunzTarPerm modified mode [ 'deps/hiredis/examples/example-libuv.c', 493, 509 ]
360 silly gunzTarPerm extractEntry comparison/fibonacci/fibonacci-synchronous.js
361 silly gunzTarPerm modified mode [ 'comparison/fibonacci/fibonacci-synchronous.js', 438, 436 ]
362 silly gunzTarPerm extractEntry comparison/largest/largest-async.js
363 silly gunzTarPerm modified mode [ 'comparison/largest/largest-async.js', 438, 436 ]
364 silly gunzTarPerm extractEntry nan.h
365 silly gunzTarPerm extractEntry nan_callbacks.h
366 silly gunzTarPerm extractEntry deps/hiredis/examples/example.c
367 silly gunzTarPerm modified mode [ 'deps/hiredis/examples/example.c', 493, 509 ]
368 silly gunzTarPerm extractEntry deps/hiredis/fmacros.h
369 silly gunzTarPerm modified mode [ 'deps/hiredis/fmacros.h', 493, 509 ]
370 silly gunzTarPerm extractEntry nan_callbacks_12_inl.h
371 silly gunzTarPerm extractEntry nan_converters.h
372 silly gunzTarPerm extractEntry nan_converters_43_inl.h
373 silly gunzTarPerm extractEntry comparison/largest/largest-asyncawait-iterators.js
374 silly gunzTarPerm modified mode [ 'comparison/largest/largest-asyncawait-iterators.js',
374 silly gunzTarPerm   438,
374 silly gunzTarPerm   436 ]
375 silly gunzTarPerm extractEntry comparison/largest/largest-asyncawait.js
376 silly gunzTarPerm modified mode [ 'comparison/largest/largest-asyncawait.js', 438, 436 ]
377 silly gunzTarPerm extractEntry deps/hiredis/hiredis.c
378 silly gunzTarPerm modified mode [ 'deps/hiredis/hiredis.c', 493, 509 ]
379 silly gunzTarPerm extractEntry deps/hiredis/hiredis.h
380 silly gunzTarPerm modified mode [ 'deps/hiredis/hiredis.h', 493, 509 ]
381 silly gunzTarPerm extractEntry comparison/largest/largest-asyncx.js
382 silly gunzTarPerm modified mode [ 'comparison/largest/largest-asyncx.js', 438, 436 ]
383 silly gunzTarPerm extractEntry comparison/largest/largest-bluebird.js
384 silly gunzTarPerm modified mode [ 'comparison/largest/largest-bluebird.js', 438, 436 ]
385 silly gunzTarPerm extractEntry deps/hiredis/net.c
386 silly gunzTarPerm modified mode [ 'deps/hiredis/net.c', 493, 509 ]
387 silly gunzTarPerm extractEntry deps/hiredis/net.h
388 silly gunzTarPerm modified mode [ 'deps/hiredis/net.h', 493, 509 ]
389 silly gunzTarPerm extractEntry deps/hiredis/sds.c
390 silly gunzTarPerm modified mode [ 'deps/hiredis/sds.c', 493, 509 ]
391 silly gunzTarPerm extractEntry comparison/largest/largest-callbacks.js
392 silly gunzTarPerm modified mode [ 'comparison/largest/largest-callbacks.js', 438, 436 ]
393 silly gunzTarPerm extractEntry comparison/largest/largest-co.js
394 silly gunzTarPerm modified mode [ 'comparison/largest/largest-co.js', 438, 436 ]
395 silly gunzTarPerm extractEntry nan_converters_pre_43_inl.h
396 silly gunzTarPerm extractEntry comparison/largest/largest-synchronous.js
397 silly gunzTarPerm modified mode [ 'comparison/largest/largest-synchronous.js', 438, 436 ]
398 silly gunzTarPerm extractEntry examples/package.json
399 silly gunzTarPerm modified mode [ 'examples/package.json', 438, 436 ]
400 silly gunzTarPerm extractEntry nan_implementation_12_inl.h
401 silly gunzTarPerm extractEntry nan_implementation_pre_12_inl.h
402 silly gunzTarPerm extractEntry nan_maybe_43_inl.h
403 silly gunzTarPerm extractEntry examples/asyncMod.js
404 silly gunzTarPerm modified mode [ 'examples/asyncMod.js', 438, 436 ]
405 silly gunzTarPerm extractEntry examples/awaitTop.js
406 silly gunzTarPerm modified mode [ 'examples/awaitTop.js', 438, 436 ]
407 silly gunzTarPerm extractEntry deps/hiredis/sds.h
408 silly gunzTarPerm modified mode [ 'deps/hiredis/sds.h', 493, 509 ]
409 silly gunzTarPerm extractEntry examples/basic.js
410 silly gunzTarPerm modified mode [ 'examples/basic.js', 438, 436 ]
411 silly gunzTarPerm extractEntry examples/countFiles.js
412 silly gunzTarPerm modified mode [ 'examples/countFiles.js', 438, 436 ]
413 silly gunzTarPerm extractEntry examples/descendentFilePaths.js
414 silly gunzTarPerm modified mode [ 'examples/descendentFilePaths.js', 438, 436 ]
415 silly gunzTarPerm extractEntry examples/interleaved.js
416 silly gunzTarPerm modified mode [ 'examples/interleaved.js', 438, 436 ]
417 silly gunzTarPerm extractEntry nan_maybe_pre_43_inl.h
418 silly gunzTarPerm extractEntry deps/hiredis/dict.h
419 silly gunzTarPerm modified mode [ 'deps/hiredis/dict.h', 493, 509 ]
420 silly gunzTarPerm extractEntry deps/hiredis.gyp
421 silly gunzTarPerm modified mode [ 'deps/hiredis.gyp', 420, 436 ]
422 silly gunzTarPerm extractEntry examples/iteration.js
423 silly gunzTarPerm modified mode [ 'examples/iteration.js', 438, 436 ]
424 silly gunzTarPerm extractEntry examples/parallel.js
425 silly gunzTarPerm modified mode [ 'examples/parallel.js', 438, 436 ]
426 silly gunzTarPerm extractEntry examples/examples.njsproj
427 silly gunzTarPerm modified mode [ 'examples/examples.njsproj', 438, 436 ]
428 silly gunzTarPerm extractEntry index.d.ts
429 silly gunzTarPerm modified mode [ 'index.d.ts', 438, 436 ]
430 silly gunzTarPerm extractEntry src/redis-fast-driver.cc
431 silly gunzTarPerm modified mode [ 'src/redis-fast-driver.cc', 420, 436 ]
432 silly gunzTarPerm extractEntry src/redis-fast-driver.h
433 silly gunzTarPerm modified mode [ 'src/redis-fast-driver.h', 420, 436 ]
434 silly gunzTarPerm extractEntry nan_new.h
435 silly gunzTarPerm extractEntry nan_object_wrap.h
436 silly gunzTarPerm extractEntry test/async.cps.js
437 silly gunzTarPerm modified mode [ 'test/async.cps.js', 438, 436 ]
438 silly gunzTarPerm extractEntry test/async.iterable.js
439 silly gunzTarPerm modified mode [ 'test/async.iterable.js', 438, 436 ]
440 silly gunzTarPerm extractEntry test/async.js
441 silly gunzTarPerm modified mode [ 'test/async.js', 438, 436 ]
442 silly gunzTarPerm extractEntry test/async.thunk.js
443 silly gunzTarPerm modified mode [ 'test/async.thunk.js', 438, 436 ]
444 silly gunzTarPerm extractEntry nan_persistent_12_inl.h
445 silly gunzTarPerm extractEntry nan_persistent_pre_12_inl.h
446 silly gunzTarPerm extractEntry test/await.js
447 silly gunzTarPerm modified mode [ 'test/await.js', 438, 436 ]
448 silly gunzTarPerm extractEntry test/async.cps.ts
449 silly gunzTarPerm modified mode [ 'test/async.cps.ts', 438, 436 ]
450 silly gunzTarPerm extractEntry nan_string_bytes.h
451 silly gunzTarPerm extractEntry nan_typedarray_contents.h
452 silly gunzTarPerm extractEntry test/async.iterable.ts
453 silly gunzTarPerm modified mode [ 'test/async.iterable.ts', 438, 436 ]
454 silly gunzTarPerm extractEntry test/async.thunk.ts
455 silly gunzTarPerm modified mode [ 'test/async.thunk.ts', 438, 436 ]
456 silly gunzTarPerm extractEntry test/async.ts
457 silly gunzTarPerm modified mode [ 'test/async.ts', 438, 436 ]
458 silly gunzTarPerm extractEntry test/await.ts
459 silly gunzTarPerm modified mode [ 'test/await.ts', 438, 436 ]
460 silly gunzTarPerm extractEntry await.d.ts
461 silly gunzTarPerm modified mode [ 'await.d.ts', 438, 436 ]
462 silly gunzTarPerm extractEntry src/fibers.js
463 silly gunzTarPerm modified mode [ 'src/fibers.js', 438, 436 ]
464 silly gunzTarPerm extractEntry nan_weak.h
465 silly gunzTarPerm extractEntry tools/package.json
466 silly gunzTarPerm extractEntry src/async/asyncIterator.js
467 silly gunzTarPerm modified mode [ 'src/async/asyncIterator.js', 438, 436 ]
468 silly gunzTarPerm extractEntry src/async/config.js
469 silly gunzTarPerm modified mode [ 'src/async/config.js', 438, 436 ]
470 silly gunzTarPerm extractEntry src/async/semaphore.js
471 silly gunzTarPerm modified mode [ 'src/async/semaphore.js', 438, 436 ]
472 silly gunzTarPerm extractEntry src/async/defer.js
473 silly gunzTarPerm modified mode [ 'src/async/defer.js', 438, 436 ]
474 silly gunzTarPerm extractEntry tools/README.md
475 silly gunzTarPerm extractEntry tools/1to2.js
476 silly gunzTarPerm extractEntry src/async/runContext.js
477 silly gunzTarPerm modified mode [ 'src/async/runContext.js', 438, 436 ]
478 silly gunzTarPerm extractEntry src/async/fiberManager.js
479 silly gunzTarPerm modified mode [ 'src/async/fiberManager.js', 438, 436 ]
480 silly gunzTarPerm extractEntry src/async/makeAsyncFunc.js
481 silly gunzTarPerm modified mode [ 'src/async/makeAsyncFunc.js', 438, 436 ]
482 silly gunzTarPerm extractEntry src/async/index.js
483 silly gunzTarPerm modified mode [ 'src/async/index.js', 438, 436 ]
484 silly gunzTarPerm extractEntry src/async/asyncIterator.ts
485 silly gunzTarPerm modified mode [ 'src/async/asyncIterator.ts', 438, 436 ]
486 silly gunzTarPerm extractEntry src/async/index.ts
487 silly gunzTarPerm modified mode [ 'src/async/index.ts', 438, 436 ]
488 silly gunzTarPerm extractEntry src/async/fiberManager.ts
489 silly gunzTarPerm modified mode [ 'src/async/fiberManager.ts', 438, 436 ]
490 silly gunzTarPerm extractEntry src/async/makeAsyncFunc.ts
491 silly gunzTarPerm modified mode [ 'src/async/makeAsyncFunc.ts', 438, 436 ]
492 silly gunzTarPerm extractEntry src/async/defer.ts
493 silly gunzTarPerm modified mode [ 'src/async/defer.ts', 438, 436 ]
494 silly gunzTarPerm extractEntry src/async/runContext.ts
495 silly gunzTarPerm modified mode [ 'src/async/runContext.ts', 438, 436 ]
496 silly gunzTarPerm extractEntry src/async/config.ts
497 silly gunzTarPerm modified mode [ 'src/async/config.ts', 438, 436 ]
498 silly gunzTarPerm extractEntry src/async/semaphore.ts
499 silly gunzTarPerm modified mode [ 'src/async/semaphore.ts', 438, 436 ]
500 silly gunzTarPerm extractEntry src/await/index.js
501 silly gunzTarPerm modified mode [ 'src/await/index.js', 438, 436 ]
502 silly gunzTarPerm extractEntry src/await/makeAwaitFunc.js
503 silly gunzTarPerm modified mode [ 'src/await/makeAwaitFunc.js', 438, 436 ]
504 silly gunzTarPerm extractEntry src/await/index.ts
505 silly gunzTarPerm modified mode [ 'src/await/index.ts', 438, 436 ]
506 silly gunzTarPerm extractEntry src/await/makeAwaitFunc.ts
507 silly gunzTarPerm modified mode [ 'src/await/makeAwaitFunc.ts', 438, 436 ]
508 silly gunzTarPerm extractEntry src/fibers.ts
509 silly gunzTarPerm modified mode [ 'src/fibers.ts', 438, 436 ]
510 silly gunzTarPerm extractEntry src/types.d.ts
511 silly gunzTarPerm modified mode [ 'src/types.d.ts', 438, 436 ]
512 silly gunzTarPerm extractEntry src/typings/bluebird/bluebird.d.ts
513 silly gunzTarPerm modified mode [ 'src/typings/bluebird/bluebird.d.ts', 438, 436 ]
514 silly gunzTarPerm extractEntry src/typings/chai/chai.d.ts
515 silly gunzTarPerm modified mode [ 'src/typings/chai/chai.d.ts', 438, 436 ]
516 silly gunzTarPerm extractEntry src/typings/lodash/lodash.d.ts
517 silly gunzTarPerm modified mode [ 'src/typings/lodash/lodash.d.ts', 438, 436 ]
518 silly gunzTarPerm extractEntry src/typings/mocha/mocha.d.ts
519 silly gunzTarPerm modified mode [ 'src/typings/mocha/mocha.d.ts', 438, 436 ]
520 silly gunzTarPerm extractEntry src/typings/node/node.d.ts
521 silly gunzTarPerm modified mode [ 'src/typings/node/node.d.ts', 438, 436 ]
522 silly gunzTarPerm extractEntry src/typings/node-fibers/node-fibers.d.ts
523 silly gunzTarPerm modified mode [ 'src/typings/node-fibers/node-fibers.d.ts', 438, 436 ]
524 silly gunzTarPerm extractEntry tsconfig.json
525 silly gunzTarPerm modified mode [ 'tsconfig.json', 438, 436 ]
526 silly gentlyRm /home/xiru/Documents/JAM/node_modules/.staging/redis-fast-driver-e8154df7/node_modules is being purged
527 verbose gentlyRm don't care about contents; nuking /home/xiru/Documents/JAM/node_modules/.staging/redis-fast-driver-e8154df7/node_modules
528 silly gentlyRm /home/xiru/Documents/JAM/node_modules/.staging/nan-b2d0367a/node_modules is being purged
529 verbose gentlyRm don't care about contents; nuking /home/xiru/Documents/JAM/node_modules/.staging/nan-b2d0367a/node_modules
530 silly gentlyRm /home/xiru/Documents/JAM/node_modules/.staging/asyncawait-eddc141f/node_modules is being purged
531 verbose gentlyRm don't care about contents; nuking /home/xiru/Documents/JAM/node_modules/.staging/asyncawait-eddc141f/node_modules
532 silly doParallel preinstall 5
533 silly preinstall nan@2.4.0 /home/xiru/Documents/JAM/node_modules/.staging/nan-b2d0367a
534 info lifecycle nan@2.4.0~preinstall: nan@2.4.0
535 silly preinstall asyncawait@1.0.3 /home/xiru/Documents/JAM/node_modules/.staging/asyncawait-eddc141f
536 info lifecycle asyncawait@1.0.3~preinstall: asyncawait@1.0.3
537 silly preinstall fs@0.0.2 /home/xiru/Documents/JAM/node_modules/.staging/fs-e36c8459
538 info lifecycle fs@0.0.2~preinstall: fs@0.0.2
539 silly preinstall mime@1.3.4 /home/xiru/Documents/JAM/node_modules/.staging/mime-b395b00f
540 info lifecycle mime@1.3.4~preinstall: mime@1.3.4
541 silly preinstall redis-fast-driver@1.0.4 /home/xiru/Documents/JAM/node_modules/.staging/redis-fast-driver-e8154df7
542 info lifecycle redis-fast-driver@1.0.4~preinstall: redis-fast-driver@1.0.4
543 silly lifecycle nan@2.4.0~preinstall: no script for preinstall, continuing
544 silly lifecycle asyncawait@1.0.3~preinstall: no script for preinstall, continuing
545 silly lifecycle fs@0.0.2~preinstall: no script for preinstall, continuing
546 silly lifecycle mime@1.3.4~preinstall: no script for preinstall, continuing
547 silly lifecycle redis-fast-driver@1.0.4~preinstall: no script for preinstall, continuing
548 silly doReverseSerial remove 0
549 silly doSerial move 0
550 silly doSerial finalize 5
551 silly finalize /home/xiru/Documents/JAM/node_modules/redis-fast-driver/node_modules/nan
552 silly finalize /home/xiru/Documents/JAM/node_modules/asyncawait
553 silly finalize /home/xiru/Documents/JAM/node_modules/fs
554 silly finalize /home/xiru/Documents/JAM/node_modules/mime
555 silly finalize /home/xiru/Documents/JAM/node_modules/redis-fast-driver
556 verbose unlock done using /home/xiru/.npm/_locks/staging-824756f2f3757649.lock for /home/xiru/Documents/JAM/node_modules/.staging
557 silly rollbackFailedOptional Starting
558 silly rollbackFailedOptional Finishing
559 silly runTopLevelLifecycles Starting
560 silly runTopLevelLifecycles Finishing
561 silly install printInstalled
562 verbose stack Error: ENOTEMPTY: directory not empty, rename '/home/xiru/Documents/JAM/node_modules/redis-fast-driver' -> '/home/xiru/Documents/JAM/node_modules/.redis-fast-driver.DELETE'
562 verbose stack     at moveAway (/usr/lib/node_modules/npm/lib/install/action/finalize.js:38:5)
562 verbose stack     at destStatted (/usr/lib/node_modules/npm/lib/install/action/finalize.js:27:7)
562 verbose stack     at FSReqWrap.oncomplete (fs.js:117:15)
562 verbose stack
562 verbose stack Error: ENOTEMPTY: directory not empty, rename '/home/xiru/Documents/JAM/node_modules/redis-fast-driver' -> '/home/xiru/Documents/JAM/node_modules/.redis-fast-driver.DELETE'
562 verbose stack     at Error (native)
563 verbose cwd /home/xiru/Documents/JAM/lib/jserver
564 error Linux 4.4.0-28-generic
565 error argv "/usr/bin/nodejs" "/usr/bin/npm" "install" "redis-fast-driver"
566 error node v6.2.2
567 error npm  v3.9.5
568 error path /home/xiru/Documents/JAM/node_modules/redis-fast-driver
569 error code ENOTEMPTY
570 error errno -39
571 error syscall rename
572 error ENOTEMPTY: directory not empty, rename '/home/xiru/Documents/JAM/node_modules/redis-fast-driver' -> '/home/xiru/Documents/JAM/node_modules/.redis-fast-driver.DELETE'
573 error If you need help, you may report this error at:
573 error     <https://github.com/npm/npm/issues>
574 verbose exit [ -39, true ]
